#ICHEC#	For more information see: https://ichec.ie/infrastructure/software/Intel_Compilers
#ICHEC#	For more information see: https://www.ichec.ie/infrastructure/software/Intel_MKL
#ICHEC#	For more information see: https://www.ichec.ie/infrastructure/software/Intel_MPI
#ICHEC#	 mpiexec is not supported anymore use mpirun instead... 
-------------------------------------------
started at tis jan 23 13:39:01 GMT 2018
--------------------------------------------
>>>>Simulation type =  1
>>>>topo type =  cos
>>>>source frequency =  1000
>>preprocessing
GNU Octave, version 3.6.4
Copyright (C) 2013 John W. Eaton and others.
This is free software; see the source code for copying conditions.
There is ABSOLUTELY NO WARRANTY; not even for MERCHANTABILITY or
FITNESS FOR A PARTICULAR PURPOSE.  For details, type `warranty'.

Octave was configured for "x86_64-unknown-linux-gnu".

Additional information about Octave is available at http://www.octave.org.

Please contribute if you find this software useful.
For more information, visit http://www.octave.org/get-involved.html

Read http://www.octave.org/bugs.html to learn how to submit bug reports.

For information about changes from previous versions, type `news'.

warning: unable to open X11 DISPLAY
Please input the step: input = 1
SOURCE created
GNU Octave, version 3.6.4
Copyright (C) 2013 John W. Eaton and others.
This is free software; see the source code for copying conditions.
There is ABSOLUTELY NO WARRANTY; not even for MERCHANTABILITY or
FITNESS FOR A PARTICULAR PURPOSE.  For details, type `warranty'.

Octave was configured for "x86_64-unknown-linux-gnu".

Additional information about Octave is available at http://www.octave.org.

Please contribute if you find this software useful.
For more information, visit http://www.octave.org/get-involved.html

Read http://www.octave.org/bugs.html to learn how to submit bug reports.

For information about changes from previous versions, type `news'.

warning: unable to open X11 DISPLAY
Please input the topography type of interface: topography created
GNU Octave, version 3.6.4
Copyright (C) 2013 John W. Eaton and others.
This is free software; see the source code for copying conditions.
There is ABSOLUTELY NO WARRANTY; not even for MERCHANTABILITY or
FITNESS FOR A PARTICULAR PURPOSE.  For details, type `warranty'.

Octave was configured for "x86_64-unknown-linux-gnu".

Additional information about Octave is available at http://www.octave.org.

Please contribute if you find this software useful.
For more information, visit http://www.octave.org/get-involved.html

Read http://www.octave.org/bugs.html to learn how to submit bug reports.

For information about changes from previous versions, type `news'.

warning: unable to open X11 DISPLAY
interfaces created
please make sure that you have enough memory, interactive pbs mode is recommended!
GNU Octave, version 3.6.4
Copyright (C) 2013 John W. Eaton and others.
This is free software; see the source code for copying conditions.
There is ABSOLUTELY NO WARRANTY; not even for MERCHANTABILITY or
FITNESS FOR A PARTICULAR PURPOSE.  For details, type `warranty'.

Octave was configured for "x86_64-unknown-linux-gnu".

Additional information about Octave is available at http://www.octave.org.

Please contribute if you find this software useful.
For more information, visit http://www.octave.org/get-involved.html

Read http://www.octave.org/bugs.html to learn how to submit bug reports.

For information about changes from previous versions, type `news'.

warning: unable to open X11 DISPLAY
GNU Octave, version 3.6.4
Copyright (C) 2013 John W. Eaton and others.
This is free software; see the source code for copying conditions.
There is ABSOLUTELY NO WARRANTY; not even for MERCHANTABILITY or
FITNESS FOR A PARTICULAR PURPOSE.  For details, type `warranty'.

Octave was configured for "x86_64-unknown-linux-gnu".

Additional information about Octave is available at http://www.octave.org.

Please contribute if you find this software useful.
For more information, visit http://www.octave.org/get-involved.html

Read http://www.octave.org/bugs.html to learn how to submit bug reports.

For information about changes from previous versions, type `news'.

warning: unable to open X11 DISPLAY
GNU Octave, version 3.6.4
Copyright (C) 2013 John W. Eaton and others.
This is free software; see the source code for copying conditions.
There is ABSOLUTELY NO WARRANTY; not even for MERCHANTABILITY or
FITNESS FOR A PARTICULAR PURPOSE.  For details, type `warranty'.

Octave was configured for "x86_64-unknown-linux-gnu".

Additional information about Octave is available at http://www.octave.org.

Please contribute if you find this software useful.
For more information, visit http://www.octave.org/get-involved.html

Read http://www.octave.org/bugs.html to learn how to submit bug reports.

For information about changes from previous versions, type `news'.

warning: unable to open X11 DISPLAY
Please input the step: input = 1
STATIONS created
preprocessed
running xmeshfem2d
--------------------------------------------
running specfem2d
>>postprocessing
preprocessed
-------------------------------------------
finished at tis jan 23 14:00:39 GMT 2018
--------------------------------------------
